# JRE version: OpenJDK Runtime Environment (8.0_76-b03) (build 1.8.0_76-release-b03)
# Java VM: OpenJDK 64-Bit Server VM (25.76-b03 mixed mode linux-amd64 compressed oops)
Heap:
 PSYoungGen      total 400896K, used 0K [0x00000000e0000000, 0x0000000100000000, 0x0000000100000000)
  eden space 351232K, 0% used [0x00000000e0000000,0x00000000e0000000,0x00000000f5700000)
  from space 49664K, 0% used [0x00000000fcf80000,0x00000000fcf80000,0x0000000100000000)
  to   space 86528K, 0% used [0x00000000f5700000,0x00000000f5700000,0x00000000fab80000)
 ParOldGen       total 183296K, used 114289K [0x00000000a0000000, 0x00000000ab300000, 0x00000000e0000000)
  object space 183296K, 62% used [0x00000000a0000000,0x00000000a6f9c750,0x00000000ab300000)
 Metaspace       used 72364K, capacity 75240K, committed 75520K, reserved 1114112K
  class space    used 9318K, capacity 9911K, committed 9984K, reserved 1048576K
GC Heap History (10 events):
Event: 727.554 GC heap after
Heap after GC invocations=20 (full 3):
 PSYoungGen      total 391680K, used 25057K [0x00000000e0000000, 0x0000000100000000, 0x0000000100000000)
  eden space 366592K, 0% used [0x00000000e0000000,0x00000000e0000000,0x00000000f6600000)
  from space 25088K, 99% used [0x00000000f6600000,0x00000000f7e787d8,0x00000000f7e80000)
  to   space 38400K, 0% used [0x00000000fda80000,0x00000000fda80000,0x0000000100000000)
 ParOldGen       total 84480K, used 70456K [0x00000000a0000000, 0x00000000a5280000, 0x00000000e0000000)
  object space 84480K, 83% used [0x00000000a0000000,0x00000000a44ce3a8,0x00000000a5280000)
 Metaspace       used 71745K, capacity 74656K, committed 75008K, reserved 1114112K
  class space    used 9323K, capacity 9927K, committed 9984K, reserved 1048576K
}
Event: 727.554 GC heap before
{Heap before GC invocations=21 (full 4):
 PSYoungGen      total 391680K, used 25057K [0x00000000e0000000, 0x0000000100000000, 0x0000000100000000)
  eden space 366592K, 0% used [0x00000000e0000000,0x00000000e0000000,0x00000000f6600000)
  from space 25088K, 99% used [0x00000000f6600000,0x00000000f7e787d8,0x00000000f7e80000)
  to   space 38400K, 0% used [0x00000000fda80000,0x00000000fda80000,0x0000000100000000)
 ParOldGen       total 84480K, used 70456K [0x00000000a0000000, 0x00000000a5280000, 0x00000000e0000000)
  object space 84480K, 83% used [0x00000000a0000000,0x00000000a44ce3a8,0x00000000a5280000)
 Metaspace       used 71745K, capacity 74656K, committed 75008K, reserved 1114112K
  class space    used 9323K, capacity 9927K, committed 9984K, reserved 1048576K
Event: 728.260 GC heap after
Heap after GC invocations=21 (full 4):
 PSYoungGen      total 391680K, used 7108K [0x00000000e0000000, 0x0000000100000000, 0x0000000100000000)
  eden space 366592K, 0% used [0x00000000e0000000,0x00000000e0000000,0x00000000f6600000)
  from space 25088K, 28% used [0x00000000f6600000,0x00000000f6cf1270,0x00000000f7e80000)
  to   space 38400K, 0% used [0x00000000fda80000,0x00000000fda80000,0x0000000100000000)
 ParOldGen       total 183296K, used 84449K [0x00000000a0000000, 0x00000000ab300000, 0x00000000e0000000)
  object space 183296K, 46% used [0x00000000a0000000,0x00000000a5278420,0x00000000ab300000)
 Metaspace       used 71722K, capacity 74600K, committed 75008K, reserved 1114112K
  class space    used 9315K, capacity 9911K, committed 9984K, reserved 1048576K
}
Event: 729.598 GC heap before
{Heap before GC invocations=22 (full 4):
 PSYoungGen      total 391680K, used 373700K [0x00000000e0000000, 0x0000000100000000, 0x0000000100000000)
  eden space 366592K, 100% used [0x00000000e0000000,0x00000000f6600000,0x00000000f6600000)
  from space 25088K, 28% used [0x00000000f6600000,0x00000000f6cf1270,0x00000000f7e80000)
  to   space 38400K, 0% used [0x00000000fda80000,0x00000000fda80000,0x0000000100000000)
 ParOldGen       total 183296K, used 84449K [0x00000000a0000000, 0x00000000ab300000, 0x00000000e0000000)
  object space 183296K, 46% used [0x00000000a0000000,0x00000000a5278420,0x00000000ab300000)
 Metaspace       used 71849K, capacity 74728K, committed 75008K, reserved 1114112K
  class space    used 9315K, capacity 9911K, committed 9984K, reserved 1048576K
Event: 729.735 GC heap after
Heap after GC invocations=22 (full 4):
 PSYoungGen      total 463360K, used 38395K [0x00000000e0000000, 0x0000000100000000, 0x0000000100000000)
  eden space 424960K, 0% used [0x00000000e0000000,0x00000000e0000000,0x00000000f9f00000)
  from space 38400K, 99% used [0x00000000fda80000,0x00000000ffffece8,0x0000000100000000)
  to   space 49664K, 0% used [0x00000000f9f00000,0x00000000f9f00000,0x00000000fcf80000)
 ParOldGen       total 183296K, used 98631K [0x00000000a0000000, 0x00000000ab300000, 0x00000000e0000000)
  object space 183296K, 53% used [0x00000000a0000000,0x00000000a6051d30,0x00000000ab300000)
 Metaspace       used 71849K, capacity 74728K, committed 75008K, reserved 1114112K
  class space    used 9315K, capacity 9911K, committed 9984K, reserved 1048576K
}
Event: 731.774 GC heap before
{Heap before GC invocations=23 (full 4):
 PSYoungGen      total 463360K, used 463355K [0x00000000e0000000, 0x0000000100000000, 0x0000000100000000)
  eden space 424960K, 100% used [0x00000000e0000000,0x00000000f9f00000,0x00000000f9f00000)
  from space 38400K, 99% used [0x00000000fda80000,0x00000000ffffece8,0x0000000100000000)
  to   space 49664K, 0% used [0x00000000f9f00000,0x00000000f9f00000,0x00000000fcf80000)
 ParOldGen       total 183296K, used 98631K [0x00000000a0000000, 0x00000000ab300000, 0x00000000e0000000)
  object space 183296K, 53% used [0x00000000a0000000,0x00000000a6051d30,0x00000000ab300000)
 Metaspace       used 72153K, capacity 75048K, committed 75520K, reserved 1114112K
  class space    used 9318K, capacity 9911K, committed 9984K, reserved 1048576K
Event: 731.982 GC heap after
Heap after GC invocations=23 (full 4):
 PSYoungGen      total 474624K, used 49656K [0x00000000e0000000, 0x0000000100000000, 0x0000000100000000)
  eden space 424960K, 0% used [0x00000000e0000000,0x00000000e0000000,0x00000000f9f00000)
  from space 49664K, 99% used [0x00000000f9f00000,0x00000000fcf7e100,0x00000000fcf80000)
  to   space 49664K, 0% used [0x00000000fcf80000,0x00000000fcf80000,0x0000000100000000)
 ParOldGen       total 183296K, used 124102K [0x00000000a0000000, 0x00000000ab300000, 0x00000000e0000000)
  object space 183296K, 67% used [0x00000000a0000000,0x00000000a7931848,0x00000000ab300000)
 Metaspace       used 72153K, capacity 75048K, committed 75520K, reserved 1114112K
  class space    used 9318K, capacity 9911K, committed 9984K, reserved 1048576K
}
Event: 733.946 GC heap before
{Heap before GC invocations=24 (full 4):
 PSYoungGen      total 474624K, used 474616K [0x00000000e0000000, 0x0000000100000000, 0x0000000100000000)
  eden space 424960K, 100% used [0x00000000e0000000,0x00000000f9f00000,0x00000000f9f00000)
  from space 49664K, 99% used [0x00000000f9f00000,0x00000000fcf7e100,0x00000000fcf80000)
  to   space 49664K, 0% used [0x00000000fcf80000,0x00000000fcf80000,0x0000000100000000)
 ParOldGen       total 183296K, used 124102K [0x00000000a0000000, 0x00000000ab300000, 0x00000000e0000000)
  object space 183296K, 67% used [0x00000000a0000000,0x00000000a7931848,0x00000000ab300000)
 Metaspace       used 72364K, capacity 75240K, committed 75520K, reserved 1114112K
  class space    used 9318K, capacity 9911K, committed 9984K, reserved 1048576K
Event: 734.980 GC heap after
Heap after GC invocations=24 (full 4):
 PSYoungGen      total 400896K, used 49655K [0x00000000e0000000, 0x0000000100000000, 0x0000000100000000)
  eden space 351232K, 0% used [0x00000000e0000000,0x00000000e0000000,0x00000000f5700000)
  from space 49664K, 99% used [0x00000000fcf80000,0x00000000ffffdf08,0x0000000100000000)
  to   space 86528K, 0% used [0x00000000f5700000,0x00000000f5700000,0x00000000fab80000)
 ParOldGen       total 183296K, used 162477K [0x00000000a0000000, 0x00000000ab300000, 0x00000000e0000000)
  object space 183296K, 88% used [0x00000000a0000000,0x00000000a9eab748,0x00000000ab300000)
 Metaspace       used 72364K, capacity 75240K, committed 75520K, reserved 1114112K
  class space    used 9318K, capacity 9911K, committed 9984K, reserved 1048576K
}
Event: 734.980 GC heap before
{Heap before GC invocations=25 (full 5):
 PSYoungGen      total 400896K, used 49655K [0x00000000e0000000, 0x0000000100000000, 0x0000000100000000)
  eden space 351232K, 0% used [0x00000000e0000000,0x00000000e0000000,0x00000000f5700000)
  from space 49664K, 99% used [0x00000000fcf80000,0x00000000ffffdf08,0x0000000100000000)
  to   space 86528K, 0% used [0x00000000f5700000,0x00000000f5700000,0x00000000fab80000)
 ParOldGen       total 183296K, used 162477K [0x00000000a0000000, 0x00000000ab300000, 0x00000000e0000000)
  object space 183296K, 88% used [0x00000000a0000000,0x00000000a9eab748,0x00000000ab300000)
 Metaspace       used 72364K, capacity 75240K, committed 75520K, reserved 1114112K
  class space    used 9318K, capacity 9911K, committed 9984K, reserved 1048576K

